0 info it worked if it ends with ok
1 verbose cli [ 'C:\\Program Files\\nodejs\\node.exe',
1 verbose cli   'C:\\Users\\apr\\AppData\\Roaming\\npm\\node_modules\\npm\\bin\\npm-cli.js',
1 verbose cli   'publish' ]
2 info using npm@3.10.8
3 info using node@v6.9.1
4 verbose publish [ '.' ]
5 silly cache add args [ '.', null ]
6 verbose cache add spec .
7 silly cache add parsed spec Result {
7 silly cache add   raw: '.',
7 silly cache add   scope: null,
7 silly cache add   escapedName: null,
7 silly cache add   name: null,
7 silly cache add   rawSpec: '.',
7 silly cache add   spec: 'C:\\Users\\apr\\Desktop\\old\\lib8',
7 silly cache add   type: 'directory' }
8 verbose addLocalDirectory C:\Users\apr\AppData\Roaming\npm-cache\angular2-library-emosewa\0.0.1\package.tgz not in flight; packing
9 verbose correctMkdir C:\Users\apr\AppData\Roaming\npm-cache correctMkdir not in flight; initializing
10 info lifecycle angular2-library-emosewa@0.0.1~prepublish: angular2-library-emosewa@0.0.1
11 verbose lifecycle angular2-library-emosewa@0.0.1~prepublish: unsafe-perm in lifecycle true
12 verbose lifecycle angular2-library-emosewa@0.0.1~prepublish: PATH: C:\Users\apr\AppData\Roaming\npm\node_modules\npm\bin\node-gyp-bin;C:\Users\apr\Desktop\old\lib8\node_modules\.bin;C:\Windows\system32;C:\Windows;C:\Windows\System32\Wbem;C:\Windows\System32\WindowsPowerShell\v1.0\;C:\Program Files (x86)\Skype\Phone\;C:\Program Files\Git\cmd;C:\Program Files\Borland\StarTeam SDK 15.0\lib;C:\Program Files\Borland\StarTeam SDK 15.0\bin;C:\Program Files\nodejs\;C:\Users\apr\AppData\Local\atom\bin;C:\Program Files\Docker Toolbox;C:\Program Files (x86)\Microsoft VS Code\bin;C:\Users\apr\AppData\Roaming\npm
13 verbose lifecycle angular2-library-emosewa@0.0.1~prepublish: CWD: C:\Users\apr\Desktop\old\lib8
14 silly lifecycle angular2-library-emosewa@0.0.1~prepublish: Args: [ '/d /s /c', 'tsc' ]
15 silly lifecycle angular2-library-emosewa@0.0.1~prepublish: Returned: code: 0  signal: null
16 verbose tar pack [ 'C:\\Users\\apr\\AppData\\Roaming\\npm-cache\\angular2-library-emosewa\\0.0.1\\package.tgz',
16 verbose tar pack   'C:\\Users\\apr\\Desktop\\old\\lib8' ]
17 verbose tarball C:\Users\apr\AppData\Roaming\npm-cache\angular2-library-emosewa\0.0.1\package.tgz
18 verbose folder C:\Users\apr\Desktop\old\lib8
19 verbose addLocalTarball adding from inside cache C:\Users\apr\AppData\Roaming\npm-cache\angular2-library-emosewa\0.0.1\package.tgz
20 verbose correctMkdir C:\Users\apr\AppData\Roaming\npm-cache correctMkdir not in flight; initializing
21 silly cache afterAdd angular2-library-emosewa@0.0.1
22 verbose afterAdd C:\Users\apr\AppData\Roaming\npm-cache\angular2-library-emosewa\0.0.1\package\package.json not in flight; writing
23 verbose correctMkdir C:\Users\apr\AppData\Roaming\npm-cache correctMkdir not in flight; initializing
24 verbose afterAdd C:\Users\apr\AppData\Roaming\npm-cache\angular2-library-emosewa\0.0.1\package\package.json written
25 silly publish { name: 'angular2-library-emosewa',
25 silly publish   version: '0.0.1',
25 silly publish   scripts:
25 silly publish    { lint: 'tslint src/**/*.ts',
25 silly publish      test: 'tsc && karma start',
25 silly publish      postinstall: 'typings install',
25 silly publish      prepublish: 'tsc',
25 silly publish      tsc: 'tsc',
25 silly publish      typings: 'typings' },
25 silly publish   repository:
25 silly publish    { type: 'git',
25 silly publish      url: 'git+https://github.com/enough1987/lib.git' },
25 silly publish   author: { name: 'emosewa', email: 'tilgaaleksandr@meta.ua' },
25 silly publish   keywords: [ 'angular', 'angular2' ],
25 silly publish   license: 'MIT',
25 silly publish   bugs: { url: 'https://github.com/enough1987/lib.git/issues' },
25 silly publish   main: './dist/index.js',
25 silly publish   typings: './dist/index.d.ts',
25 silly publish   dependencies: {},
25 silly publish   devDependencies:
25 silly publish    { '@angular/core': '^2.0.0',
25 silly publish      codelyzer: '^0.0.20',
25 silly publish      rxjs: '5.0.0-beta.12',
25 silly publish      tslint: '^3.15.1',
25 silly publish      typescript: '2.0.2',
25 silly publish      typings: '^1.0.4',
25 silly publish      'zone.js': '0.6.23' },
25 silly publish   readme: '#  emosewa\n\n## Installation\n\nTo install this library, run:\n\n```bash\n$ npm install emosewa --save\n```\n\n## Development\n\nTo generate all `*.js`, `*.js.map` and `*.d.ts` files:\n\n```bash\n$ npm run tsc\n```\n\nTo lint all `*.ts` files:\n\n```bash\n$ npm run lint\n```\n\n## License\n\nMIT © [emosewa](tilgaaleksandr@meta.ua)\n',
25 silly publish   readmeFilename: 'README.MD',
25 silly publish   gitHead: '15cccf5539f62adc1e9ec0017ae879f25df966be',
25 silly publish   description: '## Installation',
25 silly publish   homepage: 'https://github.com/enough1987/lib#readme',
25 silly publish   _id: 'angular2-library-emosewa@0.0.1',
25 silly publish   _shasum: 'ce1af861c71a8fdb3a70c74c3422d77f8b469dbc',
25 silly publish   _from: '.' }
26 verbose getPublishConfig undefined
27 silly mapToRegistry name angular2-library-emosewa
28 silly mapToRegistry using default registry
29 silly mapToRegistry registry https://registry.npmjs.org/
30 silly mapToRegistry data Result {
30 silly mapToRegistry   raw: 'angular2-library-emosewa',
30 silly mapToRegistry   scope: null,
30 silly mapToRegistry   escapedName: 'angular2-library-emosewa',
30 silly mapToRegistry   name: 'angular2-library-emosewa',
30 silly mapToRegistry   rawSpec: '',
30 silly mapToRegistry   spec: 'latest',
30 silly mapToRegistry   type: 'tag' }
31 silly mapToRegistry uri https://registry.npmjs.org/angular2-library-emosewa
32 verbose publish registryBase https://registry.npmjs.org/
33 silly publish uploading C:\Users\apr\AppData\Roaming\npm-cache\angular2-library-emosewa\0.0.1\package.tgz
34 verbose request uri https://registry.npmjs.org/angular2-library-emosewa
35 verbose request sending authorization for write operation
36 info attempt registry request try #1 at 11:16:58
37 verbose request using bearer token for auth
38 verbose request id a48e07ad26763fb6
39 http request PUT https://registry.npmjs.org/angular2-library-emosewa
40 http 403 https://registry.npmjs.org/angular2-library-emosewa
41 verbose headers { 'content-type': 'application/json',
41 verbose headers   'cache-control': 'max-age=300',
41 verbose headers   'content-length': '95',
41 verbose headers   'accept-ranges': 'bytes',
41 verbose headers   date: 'Wed, 26 Oct 2016 08:16:56 GMT',
41 verbose headers   via: '1.1 varnish',
41 verbose headers   connection: 'keep-alive',
41 verbose headers   'x-served-by': 'cache-ams4446-AMS',
41 verbose headers   'x-cache': 'MISS',
41 verbose headers   'x-cache-hits': '0',
41 verbose headers   'x-timer': 'S1477469815.194517,VS0,VE1172',
41 verbose headers   vary: 'Accept-Encoding' }
42 verbose request invalidating C:\Users\apr\AppData\Roaming\npm-cache\registry.npmjs.org\angular2-library-emosewa on PUT
43 error publish Failed PUT 403
44 verbose stack Error: "You cannot publish over the previously published version 0.0.1." : angular2-library-emosewa
44 verbose stack     at makeError (C:\Users\apr\AppData\Roaming\npm\node_modules\npm\node_modules\npm-registry-client\lib\request.js:302:12)
44 verbose stack     at CachingRegistryClient.<anonymous> (C:\Users\apr\AppData\Roaming\npm\node_modules\npm\node_modules\npm-registry-client\lib\request.js:290:14)
44 verbose stack     at Request._callback (C:\Users\apr\AppData\Roaming\npm\node_modules\npm\node_modules\npm-registry-client\lib\request.js:210:14)
44 verbose stack     at Request.self.callback (C:\Users\apr\AppData\Roaming\npm\node_modules\npm\node_modules\request\request.js:187:22)
44 verbose stack     at emitTwo (events.js:106:13)
44 verbose stack     at Request.emit (events.js:191:7)
44 verbose stack     at Request.<anonymous> (C:\Users\apr\AppData\Roaming\npm\node_modules\npm\node_modules\request\request.js:1044:10)
44 verbose stack     at emitOne (events.js:96:13)
44 verbose stack     at Request.emit (events.js:188:7)
44 verbose stack     at IncomingMessage.<anonymous> (C:\Users\apr\AppData\Roaming\npm\node_modules\npm\node_modules\request\request.js:965:12)
45 verbose statusCode 403
46 verbose pkgid angular2-library-emosewa
47 verbose cwd C:\Users\apr\Desktop\old\lib8
48 error Windows_NT 6.1.7601
49 error argv "C:\\Program Files\\nodejs\\node.exe" "C:\\Users\\apr\\AppData\\Roaming\\npm\\node_modules\\npm\\bin\\npm-cli.js" "publish"
50 error node v6.9.1
51 error npm  v3.10.8
52 error code E403
53 error "You cannot publish over the previously published version 0.0.1." : angular2-library-emosewa
54 error If you need help, you may report this error at:
54 error     <https://github.com/npm/npm/issues>
55 verbose exit [ 1, true ]
